Analysis & Synthesis report for Exp2Circuit
Sun Jan 15 20:27:05 2023
Quartus Prime Version 20.1.1 Build 720 11/11/2020 SJ Lite Edition


---------------------
; Table of Contents ;
---------------------
  1. Legal Notice
  2. Analysis & Synthesis Summary
  3. Analysis & Synthesis Settings
  4. Parallel Compilation
  5. Analysis & Synthesis Source Files Read
  6. Analysis & Synthesis Resource Usage Summary
  7. Analysis & Synthesis Resource Utilization by Entity
  8. General Register Statistics
  9. Multiplexer Restructuring Statistics (Restructuring Performed)
 10. Port Connectivity Checks: "ram_16x4:memoria"
 11. Port Connectivity Checks: "comparador_85:comparador"
 12. Port Connectivity Checks: "contador_163:contador"
 13. Post-Synthesis Netlist Statistics for Top Partition
 14. Elapsed Time Per Partition
 15. Analysis & Synthesis Messages



----------------
; Legal Notice ;
----------------
Copyright (C) 2020  Intel Corporation. All rights reserved.
Your use of Intel Corporation's design tools, logic functions 
and other software and tools, and any partner logic 
functions, and any output files from any of the foregoing 
(including device programming or simulation files), and any 
associated documentation or information are expressly subject 
to the terms and conditions of the Intel Program License 
Subscription Agreement, the Intel Quartus Prime License Agreement,
the Intel FPGA IP License Agreement, or other applicable license
agreement, including, without limitation, that your use is for
the sole purpose of programming logic devices manufactured by
Intel and sold by Intel or its authorized distributors.  Please
refer to the applicable agreement for further details, at
https://fpgasoftware.intel.com/eula.



+-------------------------------------------------------------------------------+
; Analysis & Synthesis Summary                                                  ;
+---------------------------------+---------------------------------------------+
; Analysis & Synthesis Status     ; Successful - Sun Jan 15 20:27:05 2023       ;
; Quartus Prime Version           ; 20.1.1 Build 720 11/11/2020 SJ Lite Edition ;
; Revision Name                   ; Exp2Circuit                                 ;
; Top-level Entity Name           ; circuito_exp2_ativ2                         ;
; Family                          ; Cyclone V                                   ;
; Logic utilization (in ALMs)     ; N/A                                         ;
; Total registers                 ; 68                                          ;
; Total pins                      ; 18                                          ;
; Total virtual pins              ; 0                                           ;
; Total block memory bits         ; 0                                           ;
; Total DSP Blocks                ; 0                                           ;
; Total HSSI RX PCSs              ; 0                                           ;
; Total HSSI PMA RX Deserializers ; 0                                           ;
; Total HSSI TX PCSs              ; 0                                           ;
; Total HSSI PMA TX Serializers   ; 0                                           ;
; Total PLLs                      ; 0                                           ;
; Total DLLs                      ; 0                                           ;
+---------------------------------+---------------------------------------------+


+----------------------------------------------------------------------------------------------------------------------------+
; Analysis & Synthesis Settings                                                                                              ;
+---------------------------------------------------------------------------------+---------------------+--------------------+
; Option                                                                          ; Setting             ; Default Value      ;
+---------------------------------------------------------------------------------+---------------------+--------------------+
; Device                                                                          ; 5CEBA4F23C7         ;                    ;
; Top-level entity name                                                           ; circuito_exp2_ativ2 ; Exp2Circuit        ;
; Family name                                                                     ; Cyclone V           ; Cyclone V          ;
; Use smart compilation                                                           ; Off                 ; Off                ;
; Enable parallel Assembler and Timing Analyzer during compilation                ; On                  ; On                 ;
; Enable compact report table                                                     ; Off                 ; Off                ;
; Restructure Multiplexers                                                        ; Auto                ; Auto               ;
; MLAB Add Timing Constraints For Mixed-Port Feed-Through Mode Setting Don't Care ; Off                 ; Off                ;
; Create Debugging Nodes for IP Cores                                             ; Off                 ; Off                ;
; Preserve fewer node names                                                       ; On                  ; On                 ;
; Intel FPGA IP Evaluation Mode                                                   ; Enable              ; Enable             ;
; Verilog Version                                                                 ; Verilog_2001        ; Verilog_2001       ;
; VHDL Version                                                                    ; VHDL_1993           ; VHDL_1993          ;
; State Machine Processing                                                        ; Auto                ; Auto               ;
; Safe State Machine                                                              ; Off                 ; Off                ;
; Extract Verilog State Machines                                                  ; On                  ; On                 ;
; Extract VHDL State Machines                                                     ; On                  ; On                 ;
; Ignore Verilog initial constructs                                               ; Off                 ; Off                ;
; Iteration limit for constant Verilog loops                                      ; 5000                ; 5000               ;
; Iteration limit for non-constant Verilog loops                                  ; 250                 ; 250                ;
; Add Pass-Through Logic to Inferred RAMs                                         ; On                  ; On                 ;
; Infer RAMs from Raw Logic                                                       ; On                  ; On                 ;
; Parallel Synthesis                                                              ; On                  ; On                 ;
; DSP Block Balancing                                                             ; Auto                ; Auto               ;
; NOT Gate Push-Back                                                              ; On                  ; On                 ;
; Power-Up Don't Care                                                             ; On                  ; On                 ;
; Remove Redundant Logic Cells                                                    ; Off                 ; Off                ;
; Remove Duplicate Registers                                                      ; On                  ; On                 ;
; Ignore CARRY Buffers                                                            ; Off                 ; Off                ;
; Ignore CASCADE Buffers                                                          ; Off                 ; Off                ;
; Ignore GLOBAL Buffers                                                           ; Off                 ; Off                ;
; Ignore ROW GLOBAL Buffers                                                       ; Off                 ; Off                ;
; Ignore LCELL Buffers                                                            ; Off                 ; Off                ;
; Ignore SOFT Buffers                                                             ; On                  ; On                 ;
; Limit AHDL Integers to 32 Bits                                                  ; Off                 ; Off                ;
; Optimization Technique                                                          ; Balanced            ; Balanced           ;
; Carry Chain Length                                                              ; 70                  ; 70                 ;
; Auto Carry Chains                                                               ; On                  ; On                 ;
; Auto Open-Drain Pins                                                            ; On                  ; On                 ;
; Perform WYSIWYG Primitive Resynthesis                                           ; Off                 ; Off                ;
; Auto ROM Replacement                                                            ; On                  ; On                 ;
; Auto RAM Replacement                                                            ; On                  ; On                 ;
; Auto DSP Block Replacement                                                      ; On                  ; On                 ;
; Auto Shift Register Replacement                                                 ; Auto                ; Auto               ;
; Allow Shift Register Merging across Hierarchies                                 ; Auto                ; Auto               ;
; Auto Clock Enable Replacement                                                   ; On                  ; On                 ;
; Strict RAM Replacement                                                          ; Off                 ; Off                ;
; Allow Synchronous Control Signals                                               ; On                  ; On                 ;
; Force Use of Synchronous Clear Signals                                          ; Off                 ; Off                ;
; Auto Resource Sharing                                                           ; Off                 ; Off                ;
; Allow Any RAM Size For Recognition                                              ; Off                 ; Off                ;
; Allow Any ROM Size For Recognition                                              ; Off                 ; Off                ;
; Allow Any Shift Register Size For Recognition                                   ; Off                 ; Off                ;
; Use LogicLock Constraints during Resource Balancing                             ; On                  ; On                 ;
; Ignore translate_off and synthesis_off directives                               ; Off                 ; Off                ;
; Timing-Driven Synthesis                                                         ; On                  ; On                 ;
; Report Parameter Settings                                                       ; On                  ; On                 ;
; Report Source Assignments                                                       ; On                  ; On                 ;
; Report Connectivity Checks                                                      ; On                  ; On                 ;
; Ignore Maximum Fan-Out Assignments                                              ; Off                 ; Off                ;
; Synchronization Register Chain Length                                           ; 3                   ; 3                  ;
; Power Optimization During Synthesis                                             ; Normal compilation  ; Normal compilation ;
; HDL message level                                                               ; Level2              ; Level2             ;
; Suppress Register Optimization Related Messages                                 ; Off                 ; Off                ;
; Number of Removed Registers Reported in Synthesis Report                        ; 5000                ; 5000               ;
; Number of Swept Nodes Reported in Synthesis Report                              ; 5000                ; 5000               ;
; Number of Inverted Registers Reported in Synthesis Report                       ; 100                 ; 100                ;
; Clock MUX Protection                                                            ; On                  ; On                 ;
; Auto Gated Clock Conversion                                                     ; Off                 ; Off                ;
; Block Design Naming                                                             ; Auto                ; Auto               ;
; SDC constraint protection                                                       ; Off                 ; Off                ;
; Synthesis Effort                                                                ; Auto                ; Auto               ;
; Shift Register Replacement - Allow Asynchronous Clear Signal                    ; On                  ; On                 ;
; Pre-Mapping Resynthesis Optimization                                            ; Off                 ; Off                ;
; Analysis & Synthesis Message Level                                              ; Medium              ; Medium             ;
; Disable Register Merging Across Hierarchies                                     ; Auto                ; Auto               ;
; Resource Aware Inference For Block RAM                                          ; On                  ; On                 ;
; Automatic Parallel Synthesis                                                    ; On                  ; On                 ;
; Partial Reconfiguration Bitstream ID                                            ; Off                 ; Off                ;
+---------------------------------------------------------------------------------+---------------------+--------------------+


+------------------------------------------+
; Parallel Compilation                     ;
+----------------------------+-------------+
; Processors                 ; Number      ;
+----------------------------+-------------+
; Number detected on machine ; 4           ;
; Maximum allowed            ; 2           ;
;                            ;             ;
; Average used               ; 1.00        ;
; Maximum used               ; 2           ;
;                            ;             ;
; Usage by Processor         ; % Time Used ;
;     Processor 1            ; 100.0%      ;
;     Processor 2            ;   0.0%      ;
+----------------------------+-------------+


+----------------------------------------------------------------------------------------------------------------------------------------------------------------------------------------------------------------------------------+
; Analysis & Synthesis Source Files Read                                                                                                                                                                                           ;
+----------------------------------------------------------------------------------------+-----------------+-----------------+-------------------------------------------------------------------------------------------+---------+
; File Name with User-Entered Path                                                       ; Used in Netlist ; File Type       ; File Name with Absolute Path                                                              ; Library ;
+----------------------------------------------------------------------------------------+-----------------+-----------------+-------------------------------------------------------------------------------------------+---------+
; ../../../Downloads/Arquivos VHDL para a Experiencia 2-20230114/ram_16x4.vhd            ; yes             ; User VHDL File  ; /home/pedro/Downloads/Arquivos VHDL para a Experiencia 2-20230114/ram_16x4.vhd            ;         ;
; ../../../Downloads/Arquivos VHDL para a Experiencia 2-20230114/contador_163.vhd        ; yes             ; User VHDL File  ; /home/pedro/Downloads/Arquivos VHDL para a Experiencia 2-20230114/contador_163.vhd        ;         ;
; ../../../Downloads/Arquivos VHDL para a Experiencia 2-20230114/comparador_85.vhd       ; yes             ; User VHDL File  ; /home/pedro/Downloads/Arquivos VHDL para a Experiencia 2-20230114/comparador_85.vhd       ;         ;
; ../../../Downloads/Arquivos VHDL para a Experiencia 2-20230114/circuito_exp2_ativ2.vhd ; yes             ; User VHDL File  ; /home/pedro/Downloads/Arquivos VHDL para a Experiencia 2-20230114/circuito_exp2_ativ2.vhd ;         ;
+----------------------------------------------------------------------------------------+-----------------+-----------------+-------------------------------------------------------------------------------------------+---------+


+-----------------------------------------------------------+
; Analysis & Synthesis Resource Usage Summary               ;
+---------------------------------------------+-------------+
; Resource                                    ; Usage       ;
+---------------------------------------------+-------------+
; Estimate of Logic utilization (ALMs needed) ; 54          ;
;                                             ;             ;
; Combinational ALUT usage for logic          ; 60          ;
;     -- 7 input functions                    ; 0           ;
;     -- 6 input functions                    ; 20          ;
;     -- 5 input functions                    ; 19          ;
;     -- 4 input functions                    ; 2           ;
;     -- <=3 input functions                  ; 19          ;
;                                             ;             ;
; Dedicated logic registers                   ; 68          ;
;                                             ;             ;
; I/O pins                                    ; 18          ;
;                                             ;             ;
; Total DSP Blocks                            ; 0           ;
;                                             ;             ;
; Maximum fan-out node                        ; clock~input ;
; Maximum fan-out                             ; 68          ;
; Total fan-out                               ; 478         ;
; Average fan-out                             ; 2.91        ;
+---------------------------------------------+-------------+


+-----------------------------------------------------------------------------------------------------------------------------------------------------------------------------------------------------------------------------+
; Analysis & Synthesis Resource Utilization by Entity                                                                                                                                                                         ;
+-------------------------------+---------------------+---------------------------+-------------------+------------+------+--------------+-----------------------------------------------+---------------------+--------------+
; Compilation Hierarchy Node    ; Combinational ALUTs ; Dedicated Logic Registers ; Block Memory Bits ; DSP Blocks ; Pins ; Virtual Pins ; Full Hierarchy Name                           ; Entity Name         ; Library Name ;
+-------------------------------+---------------------+---------------------------+-------------------+------------+------+--------------+-----------------------------------------------+---------------------+--------------+
; |circuito_exp2_ativ2          ; 60 (0)              ; 68 (0)                    ; 0                 ; 0          ; 18   ; 0            ; |circuito_exp2_ativ2                          ; circuito_exp2_ativ2 ; work         ;
;    |comparador_85:comparador| ; 2 (2)               ; 0 (0)                     ; 0                 ; 0          ; 0    ; 0            ; |circuito_exp2_ativ2|comparador_85:comparador ; comparador_85       ; work         ;
;    |contador_163:contador|    ; 6 (6)               ; 4 (4)                     ; 0                 ; 0          ; 0    ; 0            ; |circuito_exp2_ativ2|contador_163:contador    ; contador_163        ; work         ;
;    |ram_16x4:memoria|         ; 52 (52)             ; 64 (64)                   ; 0                 ; 0          ; 0    ; 0            ; |circuito_exp2_ativ2|ram_16x4:memoria         ; ram_16x4            ; work         ;
+-------------------------------+---------------------+---------------------------+-------------------+------------+------+--------------+-----------------------------------------------+---------------------+--------------+
Note: For table entries with two numbers listed, the numbers in parentheses indicate the number of resources of the given type used by the specific entity alone. The numbers listed outside of parentheses indicate the total resources of the given type used by the specific entity and all of its sub-entities in the hierarchy.


+------------------------------------------------------+
; General Register Statistics                          ;
+----------------------------------------------+-------+
; Statistic                                    ; Value ;
+----------------------------------------------+-------+
; Total registers                              ; 68    ;
; Number of registers using Synchronous Clear  ; 0     ;
; Number of registers using Synchronous Load   ; 0     ;
; Number of registers using Asynchronous Clear ; 0     ;
; Number of registers using Asynchronous Load  ; 0     ;
; Number of registers using Clock Enable       ; 68    ;
; Number of registers using Preset             ; 0     ;
+----------------------------------------------+-------+


+----------------------------------------------------------------------------------------------------------------------------------------------------------------+
; Multiplexer Restructuring Statistics (Restructuring Performed)                                                                                                 ;
+--------------------+-----------+---------------+----------------------+------------------------+------------+--------------------------------------------------+
; Multiplexer Inputs ; Bus Width ; Baseline Area ; Area if Restructured ; Saving if Restructured ; Registered ; Example Multiplexer Output                       ;
+--------------------+-----------+---------------+----------------------+------------------------+------------+--------------------------------------------------+
; 4:1                ; 4 bits    ; 8 LEs         ; 8 LEs                ; 0 LEs                  ; Yes        ; |circuito_exp2_ativ2|contador_163:contador|IQ[0] ;
+--------------------+-----------+---------------+----------------------+------------------------+------------+--------------------------------------------------+


+----------------------------------------------+
; Port Connectivity Checks: "ram_16x4:memoria" ;
+------+-------+----------+--------------------+
; Port ; Type  ; Severity ; Details            ;
+------+-------+----------+--------------------+
; ce   ; Input ; Info     ; Stuck at GND       ;
+------+-------+----------+--------------------+


+------------------------------------------------------------------------------------------------------------------+
; Port Connectivity Checks: "comparador_85:comparador"                                                             ;
+--------+--------+----------+-------------------------------------------------------------------------------------+
; Port   ; Type   ; Severity ; Details                                                                             ;
+--------+--------+----------+-------------------------------------------------------------------------------------+
; i_agtb ; Input  ; Info     ; Stuck at GND                                                                        ;
; i_altb ; Input  ; Info     ; Stuck at GND                                                                        ;
; i_aeqb ; Input  ; Info     ; Stuck at VCC                                                                        ;
; o_agtb ; Output ; Info     ; Connected to dangling logic. Logic that only feeds a dangling port will be removed. ;
; o_altb ; Output ; Info     ; Connected to dangling logic. Logic that only feeds a dangling port will be removed. ;
+--------+--------+----------+-------------------------------------------------------------------------------------+


+---------------------------------------------------+
; Port Connectivity Checks: "contador_163:contador" ;
+------+-------+----------+-------------------------+
; Port ; Type  ; Severity ; Details                 ;
+------+-------+----------+-------------------------+
; ld   ; Input ; Info     ; Stuck at VCC            ;
; enp  ; Input ; Info     ; Stuck at VCC            ;
; d    ; Input ; Info     ; Stuck at GND            ;
+------+-------+----------+-------------------------+


+-----------------------------------------------------+
; Post-Synthesis Netlist Statistics for Top Partition ;
+-----------------------+-----------------------------+
; Type                  ; Count                       ;
+-----------------------+-----------------------------+
; arriav_ff             ; 68                          ;
;     ENA               ; 68                          ;
; arriav_lcell_comb     ; 61                          ;
;     normal            ; 61                          ;
;         1 data inputs ; 17                          ;
;         2 data inputs ; 2                           ;
;         3 data inputs ; 1                           ;
;         4 data inputs ; 2                           ;
;         5 data inputs ; 19                          ;
;         6 data inputs ; 20                          ;
; boundary_port         ; 18                          ;
;                       ;                             ;
; Max LUT depth         ; 5.00                        ;
; Average LUT depth     ; 3.39                        ;
+-----------------------+-----------------------------+


+-------------------------------+
; Elapsed Time Per Partition    ;
+----------------+--------------+
; Partition Name ; Elapsed Time ;
+----------------+--------------+
; Top            ; 00:00:00     ;
+----------------+--------------+


+-------------------------------+
; Analysis & Synthesis Messages ;
+-------------------------------+
Info: *******************************************************************
Info: Running Quartus Prime Analysis & Synthesis
    Info: Version 20.1.1 Build 720 11/11/2020 SJ Lite Edition
    Info: Processing started: Sun Jan 15 20:26:58 2023
Info: Command: quartus_map --read_settings_files=on --write_settings_files=off Exp2Circuit -c Exp2Circuit
Warning (18236): Number of processors has not been specified which may cause overloading on shared machines.  Set the global assignment NUM_PARALLEL_PROCESSORS in your QSF to an appropriate value for best performance.
Info (20030): Parallel compilation is enabled and will use 2 of the 2 processors detected
Info (12021): Found 2 design units, including 1 entities, in source file ram_16x4_tb.vhd
    Info (12022): Found design unit 1: ram_16x4_tb-tb File: /home/pedro/Documentos/LabDig1/Exp2/ram_16x4_tb.vhd Line: 24
    Info (12023): Found entity 1: ram_16x4_tb File: /home/pedro/Documentos/LabDig1/Exp2/ram_16x4_tb.vhd Line: 21
Info (12021): Found 3 design units, including 1 entities, in source file /home/pedro/Downloads/Arquivos VHDL para a Experiencia 2-20230114/ram_16x4.vhd
    Info (12022): Found design unit 1: ram_16x4-ram_mif File: /home/pedro/Downloads/Arquivos VHDL para a Experiencia 2-20230114/ram_16x4.vhd Line: 40
    Info (12022): Found design unit 2: ram_16x4-ram_modelsim File: /home/pedro/Downloads/Arquivos VHDL para a Experiencia 2-20230114/ram_16x4.vhd Line: 70
    Info (12023): Found entity 1: ram_16x4 File: /home/pedro/Downloads/Arquivos VHDL para a Experiencia 2-20230114/ram_16x4.vhd Line: 28
Info (12021): Found 2 design units, including 1 entities, in source file /home/pedro/Downloads/Arquivos VHDL para a Experiencia 2-20230114/contador_163.vhd
    Info (12022): Found design unit 1: contador_163-comportamental File: /home/pedro/Downloads/Arquivos VHDL para a Experiencia 2-20230114/contador_163.vhd Line: 32
    Info (12023): Found entity 1: contador_163 File: /home/pedro/Downloads/Arquivos VHDL para a Experiencia 2-20230114/contador_163.vhd Line: 19
Info (12021): Found 2 design units, including 1 entities, in source file /home/pedro/Downloads/Arquivos VHDL para a Experiencia 2-20230114/comparador_85.vhd
    Info (12022): Found design unit 1: comparador_85-dataflow File: /home/pedro/Downloads/Arquivos VHDL para a Experiencia 2-20230114/comparador_85.vhd Line: 37
    Info (12023): Found entity 1: comparador_85 File: /home/pedro/Downloads/Arquivos VHDL para a Experiencia 2-20230114/comparador_85.vhd Line: 18
Info (12021): Found 2 design units, including 1 entities, in source file /home/pedro/Downloads/Arquivos VHDL para a Experiencia 2-20230114/circuito_exp2_ativ2.vhd
    Info (12022): Found design unit 1: circuito_exp2_ativ2-estrutural File: /home/pedro/Downloads/Arquivos VHDL para a Experiencia 2-20230114/circuito_exp2_ativ2.vhd Line: 42
    Info (12023): Found entity 1: circuito_exp2_ativ2 File: /home/pedro/Downloads/Arquivos VHDL para a Experiencia 2-20230114/circuito_exp2_ativ2.vhd Line: 28
Info (12127): Elaborating entity "circuito_exp2_ativ2" for the top level hierarchy
Info (12128): Elaborating entity "contador_163" for hierarchy "contador_163:contador" File: /home/pedro/Downloads/Arquivos VHDL para a Experiencia 2-20230114/circuito_exp2_ativ2.vhd Line: 99
Info (12128): Elaborating entity "comparador_85" for hierarchy "comparador_85:comparador" File: /home/pedro/Downloads/Arquivos VHDL para a Experiencia 2-20230114/circuito_exp2_ativ2.vhd Line: 111
Info (12129): Elaborating entity "ram_16x4" using architecture "A:ram_modelsim" for hierarchy "ram_16x4:memoria" File: /home/pedro/Downloads/Arquivos VHDL para a Experiencia 2-20230114/circuito_exp2_ativ2.vhd Line: 130
Info (276014): Found 1 instances of uninferred RAM logic
    Info (276007): RAM logic "ram_16x4:memoria|memoria" is uninferred due to asynchronous read logic File: /home/pedro/Downloads/Arquivos VHDL para a Experiencia 2-20230114/ram_16x4.vhd Line: 72
Info (286030): Timing-Driven Synthesis is running
Info (16010): Generating hard_block partition "hard_block:auto_generated_inst"
    Info (16011): Adding 0 node(s), including 0 DDIO, 0 PLL, 0 transceiver and 0 LCELL
Info (21057): Implemented 126 device resources after synthesis - the final resource count might be different
    Info (21058): Implemented 8 input pins
    Info (21059): Implemented 10 output pins
    Info (21061): Implemented 108 logic cells
Info: Quartus Prime Analysis & Synthesis was successful. 0 errors, 1 warning
    Info: Peak virtual memory: 485 megabytes
    Info: Processing ended: Sun Jan 15 20:27:05 2023
    Info: Elapsed time: 00:00:07
    Info: Total CPU time (on all processors): 00:00:15


